10:15:48.073 INFO  AUTOMATION - Before test
10:15:48.551 INFO  AUTOMATION - Verificamos que el último elemento tenga los datos deseados.
10:15:48.560 INFO  AUTOMATION - After test
10:15:48.560 INFO  AUTOMATION - Test correcto
10:15:48.560 INFO  AUTOMATION - 
10:15:48.670 INFO  AUTOMATION - Test desabilitado
10:15:48.717 INFO  AUTOMATION - Before test
10:15:48.983 INFO  AUTOMATION - Verificamos que los datos del Json son los esperados.
10:15:48.983 INFO  AUTOMATION - After test
10:15:48.983 INFO  AUTOMATION - Test correcto
10:15:48.983 INFO  AUTOMATION - 
10:15:49.261 INFO  AUTOMATION - before all
10:15:49.261 INFO  AUTOMATION - Yo me ejecuto al principio del todo
10:15:49.344 INFO  AUTOMATION - Yo me ejecuto al principio de cada escenario
10:15:49.360 INFO  AUTOMATION - Yo me ejecuto al final, el resultado es PASSED.
10:15:49.376 INFO  AUTOMATION - Yo me ejecuto al principio de cada escenario
10:15:49.392 INFO  AUTOMATION - Yo me ejecuto al final, el resultado es PASSED.
10:15:49.392 INFO  AUTOMATION - Yo me ejecuto al principio de cada escenario
10:15:49.407 INFO  AUTOMATION - Yo me ejecuto al final, el resultado es PASSED.
10:15:49.439 INFO  AUTOMATION - Yo me ejecuto al principio de cada escenario
10:15:49.502 INFO  AUTOMATION - Yo me ejecuto al final, el resultado es PASSED.
10:15:49.517 INFO  AUTOMATION - Yo me ejecuto al principio de cada escenario
10:15:49.583 INFO  AUTOMATION - Yo me ejecuto al final, el resultado es PASSED.
10:15:49.595 INFO  AUTOMATION - Yo me ejecuto al principio de cada escenario
10:15:49.611 INFO  AUTOMATION - Yo me ejecuto al final, el resultado es PASSED.
10:15:49.627 INFO  AUTOMATION - Yo me ejecuto al principio de cada escenario
10:15:49.642 INFO  AUTOMATION - Yo me ejecuto al final, el resultado es PASSED.
10:15:49.658 INFO  AUTOMATION - Yo me ejecuto al principio de cada escenario
10:15:49.658 INFO  AUTOMATION - Yo me ejecuto al final, el resultado es PASSED.
10:15:49.674 INFO  AUTOMATION - Yo me ejecuto al final del todo
10:15:49.674 INFO  AUTOMATION - after all
